2025-05-26T00:44:31.967-03:00  INFO 9760 --- [transacao-api] [restartedMain] c.i.t.TransacaoApiApplication            : Starting TransacaoApiApplication using Java 21.0.7 with PID 9760 (C:\Users\matheus\Documents\Backend Projects\transacao-api\target\classes started by matheus in C:\Users\matheus\Documents\Backend Projects\transacao-api)
2025-05-26T00:44:32.003-03:00 DEBUG 9760 --- [transacao-api] [restartedMain] c.i.t.TransacaoApiApplication            : Running with Spring Boot v3.5.0, Spring v6.2.7
2025-05-26T00:44:32.004-03:00  INFO 9760 --- [transacao-api] [restartedMain] c.i.t.TransacaoApiApplication            : No active profile set, falling back to 1 default profile: "default"
2025-05-26T00:44:32.190-03:00  INFO 9760 --- [transacao-api] [restartedMain] .e.DevToolsPropertyDefaultsPostProcessor : Devtools property defaults active! Set 'spring.devtools.add-properties' to 'false' to disable
2025-05-26T00:44:32.192-03:00  INFO 9760 --- [transacao-api] [restartedMain] .e.DevToolsPropertyDefaultsPostProcessor : For additional web related logging consider setting the 'logging.level.web' property to 'DEBUG'
2025-05-26T00:44:35.387-03:00  INFO 9760 --- [transacao-api] [restartedMain] o.s.b.w.embedded.tomcat.TomcatWebServer  : Tomcat initialized with port 8080 (http)
2025-05-26T00:44:35.419-03:00  INFO 9760 --- [transacao-api] [restartedMain] o.apache.catalina.core.StandardService   : Starting service [Tomcat]
2025-05-26T00:44:35.419-03:00  INFO 9760 --- [transacao-api] [restartedMain] o.apache.catalina.core.StandardEngine    : Starting Servlet engine: [Apache Tomcat/10.1.41]
2025-05-26T00:44:35.542-03:00  INFO 9760 --- [transacao-api] [restartedMain] o.a.c.c.C.[Tomcat].[localhost].[/]       : Initializing Spring embedded WebApplicationContext
2025-05-26T00:44:35.545-03:00  INFO 9760 --- [transacao-api] [restartedMain] w.s.c.ServletWebServerApplicationContext : Root WebApplicationContext: initialization completed in 3350 ms
2025-05-26T00:44:36.265-03:00  INFO 9760 --- [transacao-api] [restartedMain] o.s.v.b.OptionalValidatorFactoryBean     : Failed to set up a Bean Validation provider: jakarta.validation.NoProviderFoundException: Unable to create a Configuration, because no Jakarta Bean Validation provider could be found. Add a provider like Hibernate Validator (RI) to your classpath.
2025-05-26T00:44:37.121-03:00  INFO 9760 --- [transacao-api] [restartedMain] o.s.b.d.a.OptionalLiveReloadServer       : LiveReload server is running on port 35729
2025-05-26T00:44:37.213-03:00  INFO 9760 --- [transacao-api] [restartedMain] o.s.b.a.e.web.EndpointLinksResolver      : Exposing 2 endpoints beneath base path '/actuator'
2025-05-26T00:44:37.354-03:00  INFO 9760 --- [transacao-api] [restartedMain] o.s.b.w.embedded.tomcat.TomcatWebServer  : Tomcat started on port 8080 (http) with context path '/'
2025-05-26T00:44:37.399-03:00  INFO 9760 --- [transacao-api] [restartedMain] c.i.t.TransacaoApiApplication            : Started TransacaoApiApplication in 6.521 seconds (process running for 7.552)
2025-05-26T00:44:52.261-03:00  INFO 9760 --- [transacao-api] [http-nio-8080-exec-2] o.a.c.c.C.[Tomcat].[localhost].[/]       : Initializing Spring DispatcherServlet 'dispatcherServlet'
2025-05-26T00:44:52.262-03:00  INFO 9760 --- [transacao-api] [http-nio-8080-exec-2] o.s.web.servlet.DispatcherServlet        : Initializing Servlet 'dispatcherServlet'
2025-05-26T00:44:52.264-03:00  INFO 9760 --- [transacao-api] [http-nio-8080-exec-2] o.s.web.servlet.DispatcherServlet        : Completed initialization in 2 ms
2025-05-26T00:46:11.707-03:00  INFO 9760 --- [transacao-api] [SpringApplicationShutdownHook] o.s.b.w.e.tomcat.GracefulShutdown        : Commencing graceful shutdown. Waiting for active requests to complete
2025-05-26T00:46:11.723-03:00  INFO 9760 --- [transacao-api] [tomcat-shutdown] o.s.b.w.e.tomcat.GracefulShutdown        : Graceful shutdown complete
2025-05-26T00:48:12.604-03:00  INFO 2560 --- [transacao-api] [restartedMain] c.i.t.TransacaoApiApplication            : Starting TransacaoApiApplication using Java 21.0.7 with PID 2560 (C:\Users\matheus\Documents\Backend Projects\transacao-api\target\classes started by matheus in C:\Users\matheus\Documents\Backend Projects\transacao-api)
2025-05-26T00:48:12.607-03:00 DEBUG 2560 --- [transacao-api] [restartedMain] c.i.t.TransacaoApiApplication            : Running with Spring Boot v3.5.0, Spring v6.2.7
2025-05-26T00:48:12.609-03:00  INFO 2560 --- [transacao-api] [restartedMain] c.i.t.TransacaoApiApplication            : No active profile set, falling back to 1 default profile: "default"
2025-05-26T00:48:12.813-03:00  INFO 2560 --- [transacao-api] [restartedMain] .e.DevToolsPropertyDefaultsPostProcessor : Devtools property defaults active! Set 'spring.devtools.add-properties' to 'false' to disable
2025-05-26T00:48:12.813-03:00  INFO 2560 --- [transacao-api] [restartedMain] .e.DevToolsPropertyDefaultsPostProcessor : For additional web related logging consider setting the 'logging.level.web' property to 'DEBUG'
2025-05-26T00:48:15.659-03:00  INFO 2560 --- [transacao-api] [restartedMain] o.s.b.w.embedded.tomcat.TomcatWebServer  : Tomcat initialized with port 8080 (http)
2025-05-26T00:48:15.688-03:00  INFO 2560 --- [transacao-api] [restartedMain] o.apache.catalina.core.StandardService   : Starting service [Tomcat]
2025-05-26T00:48:15.689-03:00  INFO 2560 --- [transacao-api] [restartedMain] o.apache.catalina.core.StandardEngine    : Starting Servlet engine: [Apache Tomcat/10.1.41]
2025-05-26T00:48:15.784-03:00  INFO 2560 --- [transacao-api] [restartedMain] o.a.c.c.C.[Tomcat].[localhost].[/]       : Initializing Spring embedded WebApplicationContext
2025-05-26T00:48:15.785-03:00  INFO 2560 --- [transacao-api] [restartedMain] w.s.c.ServletWebServerApplicationContext : Root WebApplicationContext: initialization completed in 2971 ms
2025-05-26T00:48:16.549-03:00  INFO 2560 --- [transacao-api] [restartedMain] o.s.v.b.OptionalValidatorFactoryBean     : Failed to set up a Bean Validation provider: jakarta.validation.NoProviderFoundException: Unable to create a Configuration, because no Jakarta Bean Validation provider could be found. Add a provider like Hibernate Validator (RI) to your classpath.
2025-05-26T00:48:17.551-03:00  INFO 2560 --- [transacao-api] [restartedMain] o.s.b.d.a.OptionalLiveReloadServer       : LiveReload server is running on port 35729
2025-05-26T00:48:17.567-03:00  INFO 2560 --- [transacao-api] [restartedMain] o.s.b.a.e.web.EndpointLinksResolver      : Exposing 2 endpoints beneath base path '/actuator'
2025-05-26T00:48:17.736-03:00  INFO 2560 --- [transacao-api] [restartedMain] o.s.b.w.embedded.tomcat.TomcatWebServer  : Tomcat started on port 8080 (http) with context path '/'
2025-05-26T00:48:17.793-03:00  INFO 2560 --- [transacao-api] [restartedMain] c.i.t.TransacaoApiApplication            : Started TransacaoApiApplication in 6.223 seconds (process running for 7.129)
2025-05-26T00:48:22.155-03:00  INFO 2560 --- [transacao-api] [http-nio-8080-exec-2] o.a.c.c.C.[Tomcat].[localhost].[/]       : Initializing Spring DispatcherServlet 'dispatcherServlet'
2025-05-26T00:48:22.157-03:00  INFO 2560 --- [transacao-api] [http-nio-8080-exec-2] o.s.web.servlet.DispatcherServlet        : Initializing Servlet 'dispatcherServlet'
2025-05-26T00:48:22.163-03:00  INFO 2560 --- [transacao-api] [http-nio-8080-exec-2] o.s.web.servlet.DispatcherServlet        : Completed initialization in 3 ms
2025-05-26T00:49:58.220-03:00  INFO 2560 --- [transacao-api] [SpringApplicationShutdownHook] o.s.b.w.e.tomcat.GracefulShutdown        : Commencing graceful shutdown. Waiting for active requests to complete
2025-05-26T00:49:58.238-03:00  INFO 2560 --- [transacao-api] [tomcat-shutdown] o.s.b.w.e.tomcat.GracefulShutdown        : Graceful shutdown complete
2025-05-26T00:50:05.289-03:00  INFO 6600 --- [transacao-api] [restartedMain] c.i.t.TransacaoApiApplication            : Starting TransacaoApiApplication using Java 21.0.7 with PID 6600 (C:\Users\matheus\Documents\Backend Projects\transacao-api\target\classes started by matheus in C:\Users\matheus\Documents\Backend Projects\transacao-api)
2025-05-26T00:50:05.294-03:00 DEBUG 6600 --- [transacao-api] [restartedMain] c.i.t.TransacaoApiApplication            : Running with Spring Boot v3.5.0, Spring v6.2.7
2025-05-26T00:50:05.299-03:00  INFO 6600 --- [transacao-api] [restartedMain] c.i.t.TransacaoApiApplication            : No active profile set, falling back to 1 default profile: "default"
2025-05-26T00:50:05.508-03:00  INFO 6600 --- [transacao-api] [restartedMain] .e.DevToolsPropertyDefaultsPostProcessor : Devtools property defaults active! Set 'spring.devtools.add-properties' to 'false' to disable
2025-05-26T00:50:05.509-03:00  INFO 6600 --- [transacao-api] [restartedMain] .e.DevToolsPropertyDefaultsPostProcessor : For additional web related logging consider setting the 'logging.level.web' property to 'DEBUG'
2025-05-26T00:50:08.812-03:00  INFO 6600 --- [transacao-api] [restartedMain] o.s.b.w.embedded.tomcat.TomcatWebServer  : Tomcat initialized with port 8080 (http)
2025-05-26T00:50:08.841-03:00  INFO 6600 --- [transacao-api] [restartedMain] o.apache.catalina.core.StandardService   : Starting service [Tomcat]
2025-05-26T00:50:08.842-03:00  INFO 6600 --- [transacao-api] [restartedMain] o.apache.catalina.core.StandardEngine    : Starting Servlet engine: [Apache Tomcat/10.1.41]
2025-05-26T00:50:08.937-03:00  INFO 6600 --- [transacao-api] [restartedMain] o.a.c.c.C.[Tomcat].[localhost].[/]       : Initializing Spring embedded WebApplicationContext
2025-05-26T00:50:08.938-03:00  INFO 6600 --- [transacao-api] [restartedMain] w.s.c.ServletWebServerApplicationContext : Root WebApplicationContext: initialization completed in 3428 ms
2025-05-26T00:50:09.720-03:00  INFO 6600 --- [transacao-api] [restartedMain] o.s.v.b.OptionalValidatorFactoryBean     : Failed to set up a Bean Validation provider: jakarta.validation.NoProviderFoundException: Unable to create a Configuration, because no Jakarta Bean Validation provider could be found. Add a provider like Hibernate Validator (RI) to your classpath.
2025-05-26T00:50:10.556-03:00  INFO 6600 --- [transacao-api] [restartedMain] o.s.b.d.a.OptionalLiveReloadServer       : LiveReload server is running on port 35729
2025-05-26T00:50:10.572-03:00  INFO 6600 --- [transacao-api] [restartedMain] o.s.b.a.e.web.EndpointLinksResolver      : Exposing 2 endpoints beneath base path '/actuator'
2025-05-26T00:50:10.797-03:00  INFO 6600 --- [transacao-api] [restartedMain] o.s.b.w.embedded.tomcat.TomcatWebServer  : Tomcat started on port 8080 (http) with context path '/'
2025-05-26T00:50:10.833-03:00  INFO 6600 --- [transacao-api] [restartedMain] c.i.t.TransacaoApiApplication            : Started TransacaoApiApplication in 6.742 seconds (process running for 7.744)
2025-05-26T00:50:14.468-03:00  INFO 6600 --- [transacao-api] [http-nio-8080-exec-2] o.a.c.c.C.[Tomcat].[localhost].[/]       : Initializing Spring DispatcherServlet 'dispatcherServlet'
2025-05-26T00:50:14.469-03:00  INFO 6600 --- [transacao-api] [http-nio-8080-exec-2] o.s.web.servlet.DispatcherServlet        : Initializing Servlet 'dispatcherServlet'
2025-05-26T00:50:14.472-03:00  INFO 6600 --- [transacao-api] [http-nio-8080-exec-2] o.s.web.servlet.DispatcherServlet        : Completed initialization in 3 ms
2025-05-26T00:51:15.900-03:00  INFO 6600 --- [transacao-api] [SpringApplicationShutdownHook] o.s.b.w.e.tomcat.GracefulShutdown        : Commencing graceful shutdown. Waiting for active requests to complete
2025-05-26T00:51:15.915-03:00  INFO 6600 --- [transacao-api] [tomcat-shutdown] o.s.b.w.e.tomcat.GracefulShutdown        : Graceful shutdown complete
2025-05-26T00:57:43.702-03:00  INFO 4504 --- [transacao-api] [restartedMain] c.i.t.TransacaoApiApplication            : Starting TransacaoApiApplication using Java 21.0.7 with PID 4504 (C:\Users\matheus\Documents\Backend Projects\transacao-api\target\classes started by matheus in C:\Users\matheus\Documents\Backend Projects\transacao-api)
2025-05-26T00:57:43.708-03:00 DEBUG 4504 --- [transacao-api] [restartedMain] c.i.t.TransacaoApiApplication            : Running with Spring Boot v3.5.0, Spring v6.2.7
2025-05-26T00:57:43.709-03:00  INFO 4504 --- [transacao-api] [restartedMain] c.i.t.TransacaoApiApplication            : No active profile set, falling back to 1 default profile: "default"
2025-05-26T00:57:43.863-03:00  INFO 4504 --- [transacao-api] [restartedMain] .e.DevToolsPropertyDefaultsPostProcessor : Devtools property defaults active! Set 'spring.devtools.add-properties' to 'false' to disable
2025-05-26T00:57:43.864-03:00  INFO 4504 --- [transacao-api] [restartedMain] .e.DevToolsPropertyDefaultsPostProcessor : For additional web related logging consider setting the 'logging.level.web' property to 'DEBUG'
2025-05-26T00:57:46.959-03:00  INFO 4504 --- [transacao-api] [restartedMain] o.s.b.w.embedded.tomcat.TomcatWebServer  : Tomcat initialized with port 8080 (http)
2025-05-26T00:57:46.989-03:00  INFO 4504 --- [transacao-api] [restartedMain] o.apache.catalina.core.StandardService   : Starting service [Tomcat]
2025-05-26T00:57:46.991-03:00  INFO 4504 --- [transacao-api] [restartedMain] o.apache.catalina.core.StandardEngine    : Starting Servlet engine: [Apache Tomcat/10.1.41]
2025-05-26T00:57:47.096-03:00  INFO 4504 --- [transacao-api] [restartedMain] o.a.c.c.C.[Tomcat].[localhost].[/]       : Initializing Spring embedded WebApplicationContext
2025-05-26T00:57:47.097-03:00  INFO 4504 --- [transacao-api] [restartedMain] w.s.c.ServletWebServerApplicationContext : Root WebApplicationContext: initialization completed in 3232 ms
2025-05-26T00:57:47.778-03:00  INFO 4504 --- [transacao-api] [restartedMain] o.s.v.b.OptionalValidatorFactoryBean     : Failed to set up a Bean Validation provider: jakarta.validation.NoProviderFoundException: Unable to create a Configuration, because no Jakarta Bean Validation provider could be found. Add a provider like Hibernate Validator (RI) to your classpath.
2025-05-26T00:57:48.604-03:00  INFO 4504 --- [transacao-api] [restartedMain] o.s.b.d.a.OptionalLiveReloadServer       : LiveReload server is running on port 35729
2025-05-26T00:57:48.621-03:00  INFO 4504 --- [transacao-api] [restartedMain] o.s.b.a.e.web.EndpointLinksResolver      : Exposing 2 endpoints beneath base path '/actuator'
2025-05-26T00:57:48.795-03:00  INFO 4504 --- [transacao-api] [restartedMain] o.s.b.w.embedded.tomcat.TomcatWebServer  : Tomcat started on port 8080 (http) with context path '/'
2025-05-26T00:57:48.833-03:00  INFO 4504 --- [transacao-api] [restartedMain] c.i.t.TransacaoApiApplication            : Started TransacaoApiApplication in 6.238 seconds (process running for 7.132)
2025-05-26T00:57:56.394-03:00  INFO 4504 --- [transacao-api] [http-nio-8080-exec-1] o.a.c.c.C.[Tomcat].[localhost].[/]       : Initializing Spring DispatcherServlet 'dispatcherServlet'
2025-05-26T00:57:56.400-03:00  INFO 4504 --- [transacao-api] [http-nio-8080-exec-1] o.s.web.servlet.DispatcherServlet        : Initializing Servlet 'dispatcherServlet'
2025-05-26T00:57:56.405-03:00  INFO 4504 --- [transacao-api] [http-nio-8080-exec-1] o.s.web.servlet.DispatcherServlet        : Completed initialization in 4 ms
2025-05-26T00:59:35.063-03:00 DEBUG 4504 --- [transacao-api] [http-nio-8080-exec-7] c.i.t.service.TransacaoService           : Criando transação com valor 99.99 e dataHora 2099-01-01T03:00Z
2025-05-26T00:59:35.065-03:00  WARN 4504 --- [transacao-api] [http-nio-8080-exec-7] c.i.t.service.TransacaoService           : Tentativa de criar transação inválida
2025-05-26T00:59:35.080-03:00  WARN 4504 --- [transacao-api] [http-nio-8080-exec-7] .m.m.a.ExceptionHandlerExceptionResolver : Resolved [java.lang.IllegalArgumentException: Transação inválida.]
2025-05-26T01:00:09.097-03:00  INFO 4504 --- [transacao-api] [SpringApplicationShutdownHook] o.s.b.w.e.tomcat.GracefulShutdown        : Commencing graceful shutdown. Waiting for active requests to complete
2025-05-26T01:00:09.112-03:00  INFO 4504 --- [transacao-api] [tomcat-shutdown] o.s.b.w.e.tomcat.GracefulShutdown        : Graceful shutdown complete
2025-05-26T01:00:35.907-03:00  INFO 8632 --- [transacao-api] [restartedMain] c.i.t.TransacaoApiApplication            : Starting TransacaoApiApplication using Java 21.0.7 with PID 8632 (C:\Users\matheus\Documents\Backend Projects\transacao-api\target\classes started by matheus in C:\Users\matheus\Documents\Backend Projects\transacao-api)
2025-05-26T01:00:35.911-03:00 DEBUG 8632 --- [transacao-api] [restartedMain] c.i.t.TransacaoApiApplication            : Running with Spring Boot v3.5.0, Spring v6.2.7
2025-05-26T01:00:35.913-03:00  INFO 8632 --- [transacao-api] [restartedMain] c.i.t.TransacaoApiApplication            : No active profile set, falling back to 1 default profile: "default"
2025-05-26T01:00:36.077-03:00  INFO 8632 --- [transacao-api] [restartedMain] .e.DevToolsPropertyDefaultsPostProcessor : Devtools property defaults active! Set 'spring.devtools.add-properties' to 'false' to disable
2025-05-26T01:00:36.078-03:00  INFO 8632 --- [transacao-api] [restartedMain] .e.DevToolsPropertyDefaultsPostProcessor : For additional web related logging consider setting the 'logging.level.web' property to 'DEBUG'
2025-05-26T01:00:38.942-03:00  INFO 8632 --- [transacao-api] [restartedMain] o.s.b.w.embedded.tomcat.TomcatWebServer  : Tomcat initialized with port 8080 (http)
2025-05-26T01:00:38.972-03:00  INFO 8632 --- [transacao-api] [restartedMain] o.apache.catalina.core.StandardService   : Starting service [Tomcat]
2025-05-26T01:00:38.973-03:00  INFO 8632 --- [transacao-api] [restartedMain] o.apache.catalina.core.StandardEngine    : Starting Servlet engine: [Apache Tomcat/10.1.41]
2025-05-26T01:00:39.072-03:00  INFO 8632 --- [transacao-api] [restartedMain] o.a.c.c.C.[Tomcat].[localhost].[/]       : Initializing Spring embedded WebApplicationContext
2025-05-26T01:00:39.072-03:00  INFO 8632 --- [transacao-api] [restartedMain] w.s.c.ServletWebServerApplicationContext : Root WebApplicationContext: initialization completed in 2993 ms
2025-05-26T01:00:39.722-03:00  INFO 8632 --- [transacao-api] [restartedMain] o.s.v.b.OptionalValidatorFactoryBean     : Failed to set up a Bean Validation provider: jakarta.validation.NoProviderFoundException: Unable to create a Configuration, because no Jakarta Bean Validation provider could be found. Add a provider like Hibernate Validator (RI) to your classpath.
2025-05-26T01:00:40.536-03:00  INFO 8632 --- [transacao-api] [restartedMain] o.s.b.d.a.OptionalLiveReloadServer       : LiveReload server is running on port 35729
2025-05-26T01:00:40.557-03:00  INFO 8632 --- [transacao-api] [restartedMain] o.s.b.a.e.web.EndpointLinksResolver      : Exposing 2 endpoints beneath base path '/actuator'
2025-05-26T01:00:40.760-03:00  INFO 8632 --- [transacao-api] [restartedMain] o.s.b.w.embedded.tomcat.TomcatWebServer  : Tomcat started on port 8080 (http) with context path '/'
2025-05-26T01:00:40.791-03:00  INFO 8632 --- [transacao-api] [restartedMain] c.i.t.TransacaoApiApplication            : Started TransacaoApiApplication in 5.906 seconds (process running for 6.774)
2025-05-26T01:00:51.051-03:00  INFO 8632 --- [transacao-api] [http-nio-8080-exec-1] o.a.c.c.C.[Tomcat].[localhost].[/]       : Initializing Spring DispatcherServlet 'dispatcherServlet'
2025-05-26T01:00:51.053-03:00  INFO 8632 --- [transacao-api] [http-nio-8080-exec-1] o.s.web.servlet.DispatcherServlet        : Initializing Servlet 'dispatcherServlet'
2025-05-26T01:00:51.056-03:00  INFO 8632 --- [transacao-api] [http-nio-8080-exec-1] o.s.web.servlet.DispatcherServlet        : Completed initialization in 2 ms
2025-05-26T01:00:54.249-03:00 DEBUG 8632 --- [transacao-api] [http-nio-8080-exec-4] c.i.t.service.TransacaoService           : Criando transação com valor 99.99 e dataHora 2099-01-01T03:00Z
2025-05-26T01:00:54.251-03:00  WARN 8632 --- [transacao-api] [http-nio-8080-exec-4] c.i.t.service.TransacaoService           : Tentativa de criar transação inválida
2025-05-26T01:00:54.264-03:00  WARN 8632 --- [transacao-api] [http-nio-8080-exec-4] .m.m.a.ExceptionHandlerExceptionResolver : Resolved [java.lang.IllegalArgumentException: Transação inválida.]
2025-05-26T09:51:05.071-03:00 DEBUG 8632 --- [transacao-api] [http-nio-8080-exec-7] c.i.t.service.TransacaoService           : Criando transação com valor 99.99 e dataHora 2099-01-01T03:00Z
2025-05-26T09:51:05.072-03:00  WARN 8632 --- [transacao-api] [http-nio-8080-exec-7] c.i.t.service.TransacaoService           : Tentativa de criar transação inválida
2025-05-26T09:51:05.073-03:00  WARN 8632 --- [transacao-api] [http-nio-8080-exec-7] .m.m.a.ExceptionHandlerExceptionResolver : Resolved [java.lang.IllegalArgumentException: Transação inválida.]
2025-05-26T09:54:51.564-03:00  INFO 8632 --- [transacao-api] [SpringApplicationShutdownHook] o.s.b.w.e.tomcat.GracefulShutdown        : Commencing graceful shutdown. Waiting for active requests to complete
2025-05-26T09:54:51.584-03:00  INFO 8632 --- [transacao-api] [tomcat-shutdown] o.s.b.w.e.tomcat.GracefulShutdown        : Graceful shutdown complete
2025-05-26T09:55:03.192-03:00  INFO 16380 --- [transacao-api] [restartedMain] c.i.t.TransacaoApiApplication            : Starting TransacaoApiApplication using Java 21.0.7 with PID 16380 (C:\Users\matheus\Documents\Backend Projects\transacao-api\target\classes started by matheus in C:\Users\matheus\Documents\Backend Projects\transacao-api)
2025-05-26T09:55:03.196-03:00 DEBUG 16380 --- [transacao-api] [restartedMain] c.i.t.TransacaoApiApplication            : Running with Spring Boot v3.5.0, Spring v6.2.7
2025-05-26T09:55:03.200-03:00  INFO 16380 --- [transacao-api] [restartedMain] c.i.t.TransacaoApiApplication            : No active profile set, falling back to 1 default profile: "default"
2025-05-26T09:55:03.449-03:00  INFO 16380 --- [transacao-api] [restartedMain] .e.DevToolsPropertyDefaultsPostProcessor : Devtools property defaults active! Set 'spring.devtools.add-properties' to 'false' to disable
2025-05-26T09:55:03.450-03:00  INFO 16380 --- [transacao-api] [restartedMain] .e.DevToolsPropertyDefaultsPostProcessor : For additional web related logging consider setting the 'logging.level.web' property to 'DEBUG'
2025-05-26T09:55:06.533-03:00  INFO 16380 --- [transacao-api] [restartedMain] o.s.b.w.embedded.tomcat.TomcatWebServer  : Tomcat initialized with port 8080 (http)
2025-05-26T09:55:06.569-03:00  INFO 16380 --- [transacao-api] [restartedMain] o.apache.catalina.core.StandardService   : Starting service [Tomcat]
2025-05-26T09:55:06.570-03:00  INFO 16380 --- [transacao-api] [restartedMain] o.apache.catalina.core.StandardEngine    : Starting Servlet engine: [Apache Tomcat/10.1.41]
2025-05-26T09:55:06.671-03:00  INFO 16380 --- [transacao-api] [restartedMain] o.a.c.c.C.[Tomcat].[localhost].[/]       : Initializing Spring embedded WebApplicationContext
2025-05-26T09:55:06.671-03:00  INFO 16380 --- [transacao-api] [restartedMain] w.s.c.ServletWebServerApplicationContext : Root WebApplicationContext: initialization completed in 3216 ms
2025-05-26T09:55:07.360-03:00  INFO 16380 --- [transacao-api] [restartedMain] o.s.v.b.OptionalValidatorFactoryBean     : Failed to set up a Bean Validation provider: jakarta.validation.NoProviderFoundException: Unable to create a Configuration, because no Jakarta Bean Validation provider could be found. Add a provider like Hibernate Validator (RI) to your classpath.
2025-05-26T09:55:08.214-03:00  INFO 16380 --- [transacao-api] [restartedMain] o.s.b.d.a.OptionalLiveReloadServer       : LiveReload server is running on port 35729
2025-05-26T09:55:08.233-03:00  INFO 16380 --- [transacao-api] [restartedMain] o.s.b.a.e.web.EndpointLinksResolver      : Exposing 2 endpoints beneath base path '/actuator'
2025-05-26T09:55:08.445-03:00  INFO 16380 --- [transacao-api] [restartedMain] o.s.b.w.embedded.tomcat.TomcatWebServer  : Tomcat started on port 8080 (http) with context path '/'
2025-05-26T09:55:08.477-03:00  INFO 16380 --- [transacao-api] [restartedMain] c.i.t.TransacaoApiApplication            : Started TransacaoApiApplication in 6.451 seconds (process running for 7.951)
2025-05-26T09:55:13.006-03:00  INFO 16380 --- [transacao-api] [http-nio-8080-exec-1] o.a.c.c.C.[Tomcat].[localhost].[/]       : Initializing Spring DispatcherServlet 'dispatcherServlet'
2025-05-26T09:55:13.009-03:00  INFO 16380 --- [transacao-api] [http-nio-8080-exec-1] o.s.web.servlet.DispatcherServlet        : Initializing Servlet 'dispatcherServlet'
2025-05-26T09:55:13.012-03:00  INFO 16380 --- [transacao-api] [http-nio-8080-exec-1] o.s.web.servlet.DispatcherServlet        : Completed initialization in 2 ms
2025-05-26T09:58:46.658-03:00 DEBUG 16380 --- [transacao-api] [http-nio-8080-exec-9] c.i.t.service.TransacaoService           : Criando transação com valor 151.75 e dataHora 2025-05-26T13:00Z
2025-05-26T09:58:46.661-03:00  WARN 16380 --- [transacao-api] [http-nio-8080-exec-9] c.i.t.service.TransacaoService           : Tentativa de criar transação inválida
2025-05-26T09:58:46.681-03:00  WARN 16380 --- [transacao-api] [http-nio-8080-exec-9] .m.m.a.ExceptionHandlerExceptionResolver : Resolved [java.lang.IllegalArgumentException: Transação inválida.]
2025-05-26T09:59:15.403-03:00  INFO 16380 --- [transacao-api] [SpringApplicationShutdownHook] o.s.b.w.e.tomcat.GracefulShutdown        : Commencing graceful shutdown. Waiting for active requests to complete
2025-05-26T09:59:15.421-03:00  INFO 16380 --- [transacao-api] [tomcat-shutdown] o.s.b.w.e.tomcat.GracefulShutdown        : Graceful shutdown complete
2025-05-26T09:59:20.104-03:00  INFO 9072 --- [transacao-api] [restartedMain] c.i.t.TransacaoApiApplication            : Starting TransacaoApiApplication using Java 21.0.7 with PID 9072 (C:\Users\matheus\Documents\Backend Projects\transacao-api\target\classes started by matheus in C:\Users\matheus\Documents\Backend Projects\transacao-api)
2025-05-26T09:59:20.107-03:00 DEBUG 9072 --- [transacao-api] [restartedMain] c.i.t.TransacaoApiApplication            : Running with Spring Boot v3.5.0, Spring v6.2.7
2025-05-26T09:59:20.109-03:00  INFO 9072 --- [transacao-api] [restartedMain] c.i.t.TransacaoApiApplication            : No active profile set, falling back to 1 default profile: "default"
2025-05-26T09:59:20.295-03:00  INFO 9072 --- [transacao-api] [restartedMain] .e.DevToolsPropertyDefaultsPostProcessor : Devtools property defaults active! Set 'spring.devtools.add-properties' to 'false' to disable
2025-05-26T09:59:20.295-03:00  INFO 9072 --- [transacao-api] [restartedMain] .e.DevToolsPropertyDefaultsPostProcessor : For additional web related logging consider setting the 'logging.level.web' property to 'DEBUG'
2025-05-26T09:59:23.460-03:00  INFO 9072 --- [transacao-api] [restartedMain] o.s.b.w.embedded.tomcat.TomcatWebServer  : Tomcat initialized with port 8080 (http)
2025-05-26T09:59:23.488-03:00  INFO 9072 --- [transacao-api] [restartedMain] o.apache.catalina.core.StandardService   : Starting service [Tomcat]
2025-05-26T09:59:23.489-03:00  INFO 9072 --- [transacao-api] [restartedMain] o.apache.catalina.core.StandardEngine    : Starting Servlet engine: [Apache Tomcat/10.1.41]
2025-05-26T09:59:23.591-03:00  INFO 9072 --- [transacao-api] [restartedMain] o.a.c.c.C.[Tomcat].[localhost].[/]       : Initializing Spring embedded WebApplicationContext
2025-05-26T09:59:23.591-03:00  INFO 9072 --- [transacao-api] [restartedMain] w.s.c.ServletWebServerApplicationContext : Root WebApplicationContext: initialization completed in 3295 ms
2025-05-26T09:59:24.249-03:00  INFO 9072 --- [transacao-api] [restartedMain] o.s.v.b.OptionalValidatorFactoryBean     : Failed to set up a Bean Validation provider: jakarta.validation.NoProviderFoundException: Unable to create a Configuration, because no Jakarta Bean Validation provider could be found. Add a provider like Hibernate Validator (RI) to your classpath.
2025-05-26T09:59:25.041-03:00  INFO 9072 --- [transacao-api] [restartedMain] o.s.b.d.a.OptionalLiveReloadServer       : LiveReload server is running on port 35729
2025-05-26T09:59:25.057-03:00  INFO 9072 --- [transacao-api] [restartedMain] o.s.b.a.e.web.EndpointLinksResolver      : Exposing 2 endpoints beneath base path '/actuator'
2025-05-26T09:59:25.254-03:00  INFO 9072 --- [transacao-api] [restartedMain] o.s.b.w.embedded.tomcat.TomcatWebServer  : Tomcat started on port 8080 (http) with context path '/'
2025-05-26T09:59:25.284-03:00  INFO 9072 --- [transacao-api] [restartedMain] c.i.t.TransacaoApiApplication            : Started TransacaoApiApplication in 6.223 seconds (process running for 7.295)
2025-05-26T09:59:31.675-03:00  INFO 9072 --- [transacao-api] [http-nio-8080-exec-2] o.a.c.c.C.[Tomcat].[localhost].[/]       : Initializing Spring DispatcherServlet 'dispatcherServlet'
2025-05-26T09:59:31.678-03:00  INFO 9072 --- [transacao-api] [http-nio-8080-exec-2] o.s.web.servlet.DispatcherServlet        : Initializing Servlet 'dispatcherServlet'
2025-05-26T09:59:31.682-03:00  INFO 9072 --- [transacao-api] [http-nio-8080-exec-2] o.s.web.servlet.DispatcherServlet        : Completed initialization in 3 ms
2025-05-26T09:59:31.959-03:00 DEBUG 9072 --- [transacao-api] [http-nio-8080-exec-2] c.i.t.service.TransacaoService           : Criando transação com valor 151.75 e dataHora 2025-05-26T13:00Z
2025-05-26T09:59:31.963-03:00  WARN 9072 --- [transacao-api] [http-nio-8080-exec-2] c.i.t.service.TransacaoService           : Tentativa de criar transação inválida
2025-05-26T09:59:31.988-03:00  WARN 9072 --- [transacao-api] [http-nio-8080-exec-2] .m.m.a.ExceptionHandlerExceptionResolver : Resolved [java.lang.IllegalArgumentException: Transação inválida.]
2025-05-26T09:59:43.388-03:00 DEBUG 9072 --- [transacao-api] [http-nio-8080-exec-3] c.i.t.service.TransacaoService           : Criando transação com valor 100.0 e dataHora 2025-05-26T13:00Z
2025-05-26T09:59:43.389-03:00  WARN 9072 --- [transacao-api] [http-nio-8080-exec-3] c.i.t.service.TransacaoService           : Tentativa de criar transação inválida
2025-05-26T09:59:43.391-03:00  WARN 9072 --- [transacao-api] [http-nio-8080-exec-3] .m.m.a.ExceptionHandlerExceptionResolver : Resolved [java.lang.IllegalArgumentException: Transação inválida.]
2025-05-26T10:00:20.739-03:00 DEBUG 9072 --- [transacao-api] [http-nio-8080-exec-4] c.i.t.service.TransacaoService           : Criando transação com valor 150.75 e dataHora 2025-05-25T13:00Z
2025-05-26T10:00:20.740-03:00  INFO 9072 --- [transacao-api] [http-nio-8080-exec-4] c.i.t.service.TransacaoService           : Transação criada com sucesso
2025-05-26T10:00:28.087-03:00 DEBUG 9072 --- [transacao-api] [http-nio-8080-exec-5] c.i.t.service.TransacaoService           : Criando transação com valor 99.99 e dataHora 2099-01-01T03:00Z
2025-05-26T10:00:28.087-03:00  WARN 9072 --- [transacao-api] [http-nio-8080-exec-5] c.i.t.service.TransacaoService           : Tentativa de criar transação inválida
2025-05-26T10:00:28.088-03:00  WARN 9072 --- [transacao-api] [http-nio-8080-exec-5] .m.m.a.ExceptionHandlerExceptionResolver : Resolved [java.lang.IllegalArgumentException: Transação inválida.]
2025-05-26T10:02:04.878-03:00 DEBUG 9072 --- [transacao-api] [http-nio-8080-exec-2] c.i.t.service.TransacaoService           : Criando transação com valor 150.75 e dataHora 2025-05-25T13:00Z
2025-05-26T10:02:04.879-03:00  INFO 9072 --- [transacao-api] [http-nio-8080-exec-2] c.i.t.service.TransacaoService           : Transação criada com sucesso
2025-05-26T10:02:12.329-03:00 DEBUG 9072 --- [transacao-api] [http-nio-8080-exec-3] c.i.t.service.TransacaoService           : Criando transação com valor 151.75 e dataHora 2025-05-25T13:00Z
2025-05-26T10:02:12.330-03:00  INFO 9072 --- [transacao-api] [http-nio-8080-exec-3] c.i.t.service.TransacaoService           : Transação criada com sucesso
2025-05-26T10:02:39.818-03:00 DEBUG 9072 --- [transacao-api] [http-nio-8080-exec-7] c.i.t.service.TransacaoService           : Criando transação com valor 151.6 e dataHora 2025-05-25T13:00Z
2025-05-26T10:02:39.818-03:00  INFO 9072 --- [transacao-api] [http-nio-8080-exec-7] c.i.t.service.TransacaoService           : Transação criada com sucesso
2025-05-26T10:04:55.477-03:00 DEBUG 9072 --- [transacao-api] [http-nio-8080-exec-5] c.i.t.service.TransacaoService           : Criando transação com valor 151.75 e dataHora 2025-05-26T08:34:10Z
2025-05-26T10:04:55.478-03:00  INFO 9072 --- [transacao-api] [http-nio-8080-exec-5] c.i.t.service.TransacaoService           : Transação criada com sucesso
2025-05-26T10:05:21.917-03:00 DEBUG 9072 --- [transacao-api] [http-nio-8080-exec-8] c.i.t.service.TransacaoService           : Criando transação com valor 151.75 e dataHora 2025-05-26T10:05Z
2025-05-26T10:05:21.918-03:00  INFO 9072 --- [transacao-api] [http-nio-8080-exec-8] c.i.t.service.TransacaoService           : Transação criada com sucesso
2025-05-26T10:06:12.955-03:00 DEBUG 9072 --- [transacao-api] [http-nio-8080-exec-3] c.i.t.service.TransacaoService           : Criando transação com valor 100.0 e dataHora 2025-05-26T13:40:52Z
2025-05-26T10:06:12.956-03:00  WARN 9072 --- [transacao-api] [http-nio-8080-exec-3] c.i.t.service.TransacaoService           : Tentativa de criar transação inválida
2025-05-26T10:06:12.958-03:00  WARN 9072 --- [transacao-api] [http-nio-8080-exec-3] .m.m.a.ExceptionHandlerExceptionResolver : Resolved [java.lang.IllegalArgumentException: Transação inválida.]
2025-05-26T10:06:25.447-03:00 DEBUG 9072 --- [transacao-api] [http-nio-8080-exec-4] c.i.t.service.TransacaoService           : Criando transação com valor 100.0 e dataHora 2025-05-26T10:06:52Z
2025-05-26T10:06:25.447-03:00  INFO 9072 --- [transacao-api] [http-nio-8080-exec-4] c.i.t.service.TransacaoService           : Transação criada com sucesso
2025-05-26T10:08:51.196-03:00 DEBUG 9072 --- [transacao-api] [http-nio-8080-exec-2] c.i.t.service.TransacaoService           : Criando transação com valor 150.0 e dataHora 2025-05-26T13:08:10Z
2025-05-26T10:08:51.196-03:00  INFO 9072 --- [transacao-api] [http-nio-8080-exec-2] c.i.t.service.TransacaoService           : Transação criada com sucesso
2025-05-26T10:33:10.405-03:00  INFO 9072 --- [transacao-api] [http-nio-8080-exec-3] o.springdoc.api.AbstractOpenApiResource  : Init duration for springdoc-openapi is: 747 ms
